{"client/app/module.js":{"path":"client/app/module.js","s":{"1":1,"2":1,"3":1,"4":1,"5":1,"6":1,"7":1},"b":{},"f":{},"fnMap":{},"statementMap":{"1":{"start":{"line":2,"column":0},"end":{"line":13,"column":3}},"2":{"start":{"line":16,"column":0},"end":{"line":22,"column":3}},"3":{"start":{"line":25,"column":0},"end":{"line":28,"column":3}},"4":{"start":{"line":31,"column":0},"end":{"line":34,"column":3}},"5":{"start":{"line":37,"column":0},"end":{"line":37,"column":26}},"6":{"start":{"line":40,"column":0},"end":{"line":40,"column":37}},"7":{"start":{"line":43,"column":0},"end":{"line":43,"column":38}}},"branchMap":{}},"client/app/components/application/config.js":{"path":"client/app/components/application/config.js","s":{"1":1,"2":0,"3":0},"b":{},"f":{"1":0},"fnMap":{"1":{"name":"(anonymous_1)","line":2,"loc":{"start":{"line":2,"column":37},"end":{"line":2,"column":62}}}},"statementMap":{"1":{"start":{"line":2,"column":0},"end":{"line":5,"column":3}},"2":{"start":{"line":3,"column":4},"end":{"line":3,"column":45}},"3":{"start":{"line":4,"column":4},"end":{"line":4,"column":69}}},"branchMap":{}},"client/app/components/authentication/controller/login.js":{"path":"client/app/components/authentication/controller/login.js","s":{"1":1,"2":0,"3":0,"4":0},"b":{},"f":{"1":0,"2":0},"fnMap":{"1":{"name":"(anonymous_1)","line":3,"loc":{"start":{"line":3,"column":77},"end":{"line":3,"column":113}}},"2":{"name":"(anonymous_2)","line":8,"loc":{"start":{"line":8,"column":37},"end":{"line":8,"column":49}}}},"statementMap":{"1":{"start":{"line":3,"column":0},"end":{"line":11,"column":3}},"2":{"start":{"line":4,"column":4},"end":{"line":7,"column":6}},"3":{"start":{"line":8,"column":4},"end":{"line":10,"column":7}},"4":{"start":{"line":9,"column":8},"end":{"line":9,"column":70}}},"branchMap":{}},"client/app/components/authentication/run.js":{"path":"client/app/components/authentication/run.js","s":{"1":1,"2":0},"b":{},"f":{"1":0},"fnMap":{"1":{"name":"(anonymous_1)","line":1,"loc":{"start":{"line":1,"column":37},"end":{"line":1,"column":74}}}},"statementMap":{"1":{"start":{"line":1,"column":0},"end":{"line":3,"column":3}},"2":{"start":{"line":2,"column":4},"end":{"line":2,"column":57}}},"branchMap":{}},"client/app/components/concept-proposal/config.js":{"path":"client/app/components/concept-proposal/config.js","s":{"1":1,"2":33,"3":33},"b":{},"f":{"1":33},"fnMap":{"1":{"name":"(anonymous_1)","line":1,"loc":{"start":{"line":1,"column":41},"end":{"line":1,"column":65}}}},"statementMap":{"1":{"start":{"line":1,"column":0},"end":{"line":4,"column":3}},"2":{"start":{"line":2,"column":4},"end":{"line":2,"column":45}},"3":{"start":{"line":3,"column":4},"end":{"line":3,"column":69}}},"branchMap":{}},"client/app/components/concept-proposal/controller/compliance.js":{"path":"client/app/components/concept-proposal/controller/compliance.js","s":{"1":1,"2":0,"3":0,"4":0,"5":0},"b":{},"f":{"1":0,"2":0},"fnMap":{"1":{"name":"(anonymous_1)","line":1,"loc":{"start":{"line":1,"column":84},"end":{"line":1,"column":96}}},"2":{"name":"map","line":6,"loc":{"start":{"line":6,"column":10},"end":{"line":6,"column":31}}}},"statementMap":{"1":{"start":{"line":1,"column":0},"end":{"line":15,"column":3}},"2":{"start":{"line":2,"column":4},"end":{"line":11,"column":7}},"3":{"start":{"line":7,"column":8},"end":{"line":10,"column":10}},"4":{"start":{"line":13,"column":4},"end":{"line":13,"column":48}},"5":{"start":{"line":14,"column":4},"end":{"line":14,"column":60}}},"branchMap":{}},"client/app/components/concept-proposal/controller/index.js":{"path":"client/app/components/concept-proposal/controller/index.js","s":{"1":1,"2":1,"3":1,"4":1,"5":0,"6":1,"7":1,"8":1,"9":1,"10":1},"b":{},"f":{"1":1,"2":0},"fnMap":{"1":{"name":"conceptProposalController","line":2,"loc":{"start":{"line":2,"column":4},"end":{"line":2,"column":93}}},"2":{"name":"(anonymous_2)","line":15,"loc":{"start":{"line":15,"column":20},"end":{"line":15,"column":36}}}},"statementMap":{"1":{"start":{"line":1,"column":0},"end":{"line":89,"column":7}},"2":{"start":{"line":3,"column":8},"end":{"line":3,"column":49}},"3":{"start":{"line":14,"column":8},"end":{"line":14,"column":53}},"4":{"start":{"line":15,"column":8},"end":{"line":15,"column":99}},"5":{"start":{"line":15,"column":38},"end":{"line":15,"column":97}},"6":{"start":{"line":45,"column":8},"end":{"line":52,"column":11}},"7":{"start":{"line":53,"column":8},"end":{"line":60,"column":11}},"8":{"start":{"line":61,"column":8},"end":{"line":68,"column":11}},"9":{"start":{"line":69,"column":8},"end":{"line":77,"column":11}},"10":{"start":{"line":79,"column":9},"end":{"line":87,"column":11}}},"branchMap":{}},"client/app/components/concept-proposal/controller/information.js":{"path":"client/app/components/concept-proposal/controller/information.js","s":{"1":1,"2":0,"3":0,"4":0,"5":0,"6":0,"7":0,"8":0,"9":0,"10":0,"11":0,"12":0,"13":0,"14":0,"15":0,"16":0,"17":0},"b":{"1":[0,0]},"f":{"1":0,"2":0,"3":0,"4":0,"5":0,"6":0,"7":0,"8":0},"fnMap":{"1":{"name":"(anonymous_1)","line":1,"loc":{"start":{"line":1,"column":85},"end":{"line":1,"column":133}}},"2":{"name":"(anonymous_2)","line":13,"loc":{"start":{"line":13,"column":27},"end":{"line":13,"column":39}}},"3":{"name":"mapRegion","line":24,"loc":{"start":{"line":24,"column":10},"end":{"line":24,"column":37}}},"4":{"name":"(anonymous_4)","line":31,"loc":{"start":{"line":31,"column":37},"end":{"line":31,"column":49}}},"5":{"name":"filter","line":33,"loc":{"start":{"line":33,"column":35},"end":{"line":33,"column":59}}},"6":{"name":"map","line":35,"loc":{"start":{"line":35,"column":15},"end":{"line":35,"column":36}}},"7":{"name":"(anonymous_7)","line":44,"loc":{"start":{"line":44,"column":23},"end":{"line":44,"column":35}}},"8":{"name":"(anonymous_8)","line":48,"loc":{"start":{"line":48,"column":15},"end":{"line":48,"column":39}}}},"statementMap":{"1":{"start":{"line":1,"column":0},"end":{"line":53,"column":3}},"2":{"start":{"line":4,"column":8},"end":{"line":4,"column":25}},"3":{"start":{"line":5,"column":8},"end":{"line":7,"column":9}},"4":{"start":{"line":6,"column":12},"end":{"line":6,"column":42}},"5":{"start":{"line":10,"column":8},"end":{"line":16,"column":10}},"6":{"start":{"line":14,"column":16},"end":{"line":14,"column":82}},"7":{"start":{"line":20,"column":4},"end":{"line":30,"column":7}},"8":{"start":{"line":25,"column":8},"end":{"line":29,"column":10}},"9":{"start":{"line":31,"column":4},"end":{"line":42,"column":7}},"10":{"start":{"line":32,"column":8},"end":{"line":41,"column":12}},"11":{"start":{"line":34,"column":12},"end":{"line":34,"column":32}},"12":{"start":{"line":36,"column":12},"end":{"line":40,"column":14}},"13":{"start":{"line":45,"column":4},"end":{"line":52,"column":5}},"14":{"start":{"line":46,"column":8},"end":{"line":46,"column":20}},"15":{"start":{"line":48,"column":8},"end":{"line":51,"column":9}},"16":{"start":{"line":49,"column":12},"end":{"line":49,"column":27}},"17":{"start":{"line":50,"column":12},"end":{"line":50,"column":38}}},"branchMap":{"1":{"line":45,"type":"if","locations":[{"start":{"line":45,"column":4},"end":{"line":45,"column":4}},{"start":{"line":45,"column":4},"end":{"line":45,"column":4}}]}}},"client/app/components/concept-proposal/controller/platform.js":{"path":"client/app/components/concept-proposal/controller/platform.js","s":{"1":1,"2":0,"3":0,"4":0,"5":0,"6":0},"b":{},"f":{"1":0,"2":0,"3":0,"4":0},"fnMap":{"1":{"name":"conceptProposalControllerPlatform","line":4,"loc":{"start":{"line":4,"column":0},"end":{"line":4,"column":74}}},"2":{"name":"update","line":19,"loc":{"start":{"line":19,"column":37},"end":{"line":19,"column":55}}},"3":{"name":"filter","line":21,"loc":{"start":{"line":21,"column":37},"end":{"line":21,"column":63}}},"4":{"name":"map","line":23,"loc":{"start":{"line":23,"column":15},"end":{"line":23,"column":38}}}},"statementMap":{"1":{"start":{"line":3,"column":0},"end":{"line":31,"column":3}},"2":{"start":{"line":5,"column":4},"end":{"line":18,"column":6}},"3":{"start":{"line":19,"column":4},"end":{"line":30,"column":7}},"4":{"start":{"line":20,"column":8},"end":{"line":29,"column":12}},"5":{"start":{"line":22,"column":12},"end":{"line":22,"column":34}},"6":{"start":{"line":24,"column":12},"end":{"line":28,"column":14}}},"branchMap":{}},"client/app/components/concept-proposal/controller/testvalidation.js":{"path":"client/app/components/concept-proposal/controller/testvalidation.js","s":{"1":1,"2":0,"3":0,"4":0,"5":0,"6":0,"7":0},"b":{},"f":{"1":0,"2":0,"3":0,"4":0},"fnMap":{"1":{"name":"conceptProposalControllerTestValidation","line":2,"loc":{"start":{"line":2,"column":0},"end":{"line":2,"column":88}}},"2":{"name":"(anonymous_2)","line":17,"loc":{"start":{"line":17,"column":20},"end":{"line":17,"column":32}}},"3":{"name":"filter","line":19,"loc":{"start":{"line":19,"column":37},"end":{"line":19,"column":61}}},"4":{"name":"map","line":21,"loc":{"start":{"line":21,"column":15},"end":{"line":21,"column":36}}}},"statementMap":{"1":{"start":{"line":1,"column":0},"end":{"line":32,"column":3}},"2":{"start":{"line":3,"column":4},"end":{"line":16,"column":6}},"3":{"start":{"line":17,"column":4},"end":{"line":28,"column":5}},"4":{"start":{"line":18,"column":8},"end":{"line":27,"column":12}},"5":{"start":{"line":20,"column":12},"end":{"line":20,"column":32}},"6":{"start":{"line":22,"column":12},"end":{"line":26,"column":14}},"7":{"start":{"line":31,"column":4},"end":{"line":31,"column":51}}},"branchMap":{}},"client/app/components/concept-proposal/directive/row-field.js":{"path":"client/app/components/concept-proposal/directive/row-field.js","s":{"1":1,"2":0,"3":0},"b":{},"f":{"1":0,"2":0},"fnMap":{"1":{"name":"(anonymous_1)","line":1,"loc":{"start":{"line":1,"column":71},"end":{"line":1,"column":112}}},"2":{"name":"(anonymous_2)","line":11,"loc":{"start":{"line":11,"column":20},"end":{"line":11,"column":32}}}},"statementMap":{"1":{"start":{"line":1,"column":0},"end":{"line":15,"column":3}},"2":{"start":{"line":2,"column":4},"end":{"line":14,"column":6}},"3":{"start":{"line":12,"column":12},"end":{"line":12,"column":91}}},"branchMap":{}},"client/app/components/concept-proposal/directive/row.js":{"path":"client/app/components/concept-proposal/directive/row.js","s":{"1":1,"2":0,"3":0,"4":0,"5":0,"6":0},"b":{},"f":{"1":0,"2":0,"3":0,"4":0},"fnMap":{"1":{"name":"(anonymous_1)","line":1,"loc":{"start":{"line":1,"column":66},"end":{"line":1,"column":107}}},"2":{"name":"(anonymous_2)","line":11,"loc":{"start":{"line":11,"column":20},"end":{"line":11,"column":38}}},"3":{"name":"(anonymous_3)","line":12,"loc":{"start":{"line":12,"column":28},"end":{"line":12,"column":40}}},"4":{"name":"(anonymous_4)","line":13,"loc":{"start":{"line":13,"column":25},"end":{"line":13,"column":37}}}},"statementMap":{"1":{"start":{"line":1,"column":0},"end":{"line":16,"column":3}},"2":{"start":{"line":2,"column":4},"end":{"line":15,"column":6}},"3":{"start":{"line":12,"column":12},"end":{"line":12,"column":76}},"4":{"start":{"line":12,"column":41},"end":{"line":12,"column":75}},"5":{"start":{"line":13,"column":12},"end":{"line":13,"column":59}},"6":{"start":{"line":13,"column":38},"end":{"line":13,"column":58}}},"branchMap":{}},"client/app/components/concept-proposal/factory/apiCache.js":{"path":"client/app/components/concept-proposal/factory/apiCache.js","s":{"1":1,"2":14},"b":{},"f":{"1":14},"fnMap":{"1":{"name":"conceptProposalFactoryAPICache","line":2,"loc":{"start":{"line":2,"column":0},"end":{"line":2,"column":55}}}},"statementMap":{"1":{"start":{"line":1,"column":0},"end":{"line":4,"column":3}},"2":{"start":{"line":3,"column":4},"end":{"line":3,"column":37}}},"branchMap":{}},"client/app/components/concept-proposal/service/api.js":{"path":"client/app/components/concept-proposal/service/api.js","s":{"1":1,"2":13,"3":3,"4":3,"5":3,"6":2,"7":4,"8":2,"9":3,"10":13,"11":0,"12":13,"13":1},"b":{},"f":{"1":13,"2":3,"3":2,"4":4,"5":0,"6":1},"fnMap":{"1":{"name":"conceptProposalServiceAPI","line":2,"loc":{"start":{"line":2,"column":0},"end":{"line":2,"column":100}}},"2":{"name":"messageBundleGroups","line":3,"loc":{"start":{"line":3,"column":31},"end":{"line":3,"column":66}}},"3":{"name":"then","line":9,"loc":{"start":{"line":9,"column":14},"end":{"line":9,"column":38}}},"4":{"name":"forEach","line":10,"loc":{"start":{"line":10,"column":43},"end":{"line":10,"column":69}}},"5":{"name":"get","line":17,"loc":{"start":{"line":17,"column":15},"end":{"line":17,"column":33}}},"6":{"name":"post","line":22,"loc":{"start":{"line":22,"column":16},"end":{"line":22,"column":44}}}},"statementMap":{"1":{"start":{"line":1,"column":0},"end":{"line":27,"column":3}},"2":{"start":{"line":3,"column":4},"end":{"line":16,"column":6}},"3":{"start":{"line":4,"column":8},"end":{"line":4,"column":34}},"4":{"start":{"line":5,"column":8},"end":{"line":5,"column":24}},"5":{"start":{"line":8,"column":8},"end":{"line":14,"column":11}},"6":{"start":{"line":10,"column":12},"end":{"line":12,"column":15}},"7":{"start":{"line":11,"column":16},"end":{"line":11,"column":52}},"8":{"start":{"line":13,"column":12},"end":{"line":13,"column":37}},"9":{"start":{"line":15,"column":8},"end":{"line":15,"column":32}},"10":{"start":{"line":17,"column":4},"end":{"line":21,"column":6}},"11":{"start":{"line":18,"column":8},"end":{"line":20,"column":11}},"12":{"start":{"line":22,"column":4},"end":{"line":26,"column":6}},"13":{"start":{"line":23,"column":8},"end":{"line":25,"column":11}}},"branchMap":{}},"client/app/components/concept-proposal/service/concept.js":{"path":"client/app/components/concept-proposal/service/concept.js","s":{"1":1,"2":8,"3":8,"4":104,"5":8,"6":8,"7":1,"8":0,"9":0,"10":0,"11":0,"12":8,"13":6,"14":5,"15":4,"16":1,"17":2,"18":8,"19":3,"20":40,"21":3,"22":2,"23":2,"24":3},"b":{"1":[5,1],"2":[4,1],"3":[2,1]},"f":{"1":8,"2":104,"3":0,"4":1,"5":0,"6":0,"7":6,"8":3,"9":40},"fnMap":{"1":{"name":"(anonymous_1)","line":2,"loc":{"start":{"line":2,"column":0},"end":{"line":2,"column":66}}},"2":{"name":"(anonymous_2)","line":18,"loc":{"start":{"line":18,"column":10},"end":{"line":18,"column":25}}},"3":{"name":"(anonymous_3)","line":23,"loc":{"start":{"line":23,"column":17},"end":{"line":23,"column":29}}},"4":{"name":"(anonymous_4)","line":27,"loc":{"start":{"line":27,"column":39},"end":{"line":27,"column":51}}},"5":{"name":"(anonymous_5)","line":37,"loc":{"start":{"line":37,"column":35},"end":{"line":37,"column":55}}},"6":{"name":"(anonymous_6)","line":38,"loc":{"start":{"line":38,"column":71},"end":{"line":38,"column":92}}},"7":{"name":"(anonymous_7)","line":45,"loc":{"start":{"line":45,"column":16},"end":{"line":45,"column":33}}},"8":{"name":"getField","line":59,"loc":{"start":{"line":59,"column":17},"end":{"line":59,"column":41}}},"9":{"name":"(anonymous_9)","line":60,"loc":{"start":{"line":60,"column":33},"end":{"line":60,"column":50}}}},"statementMap":{"1":{"start":{"line":1,"column":0},"end":{"line":70,"column":3}},"2":{"start":{"line":3,"column":4},"end":{"line":3,"column":18}},"3":{"start":{"line":4,"column":4},"end":{"line":22,"column":7}},"4":{"start":{"line":21,"column":8},"end":{"line":21,"column":65}},"5":{"start":{"line":23,"column":4},"end":{"line":24,"column":5}},"6":{"start":{"line":27,"column":4},"end":{"line":44,"column":7}},"7":{"start":{"line":28,"column":8},"end":{"line":43,"column":12}},"8":{"start":{"line":38,"column":12},"end":{"line":42,"column":16}},"9":{"start":{"line":39,"column":16},"end":{"line":39,"column":60}},"10":{"start":{"line":40,"column":16},"end":{"line":40,"column":49}},"11":{"start":{"line":41,"column":16},"end":{"line":41,"column":61}},"12":{"start":{"line":45,"column":4},"end":{"line":56,"column":5}},"13":{"start":{"line":46,"column":8},"end":{"line":54,"column":9}},"14":{"start":{"line":47,"column":12},"end":{"line":52,"column":13}},"15":{"start":{"line":48,"column":16},"end":{"line":51,"column":28}},"16":{"start":{"line":53,"column":12},"end":{"line":53,"column":25}},"17":{"start":{"line":55,"column":8},"end":{"line":55,"column":20}},"18":{"start":{"line":59,"column":4},"end":{"line":69,"column":5}},"19":{"start":{"line":60,"column":8},"end":{"line":62,"column":11}},"20":{"start":{"line":61,"column":12},"end":{"line":61,"column":41}},"21":{"start":{"line":63,"column":8},"end":{"line":67,"column":9}},"22":{"start":{"line":65,"column":12},"end":{"line":65,"column":63}},"23":{"start":{"line":66,"column":12},"end":{"line":66,"column":33}},"24":{"start":{"line":68,"column":8},"end":{"line":68,"column":23}}},"branchMap":{"1":{"line":46,"type":"if","locations":[{"start":{"line":46,"column":8},"end":{"line":46,"column":8}},{"start":{"line":46,"column":8},"end":{"line":46,"column":8}}]},"2":{"line":47,"type":"if","locations":[{"start":{"line":47,"column":12},"end":{"line":47,"column":12}},{"start":{"line":47,"column":12},"end":{"line":47,"column":12}}]},"3":{"line":63,"type":"if","locations":[{"start":{"line":63,"column":8},"end":{"line":63,"column":8}},{"start":{"line":63,"column":8},"end":{"line":63,"column":8}}]}}},"client/app/components/concept-proposal/service/field.js":{"path":"client/app/components/concept-proposal/service/field.js","s":{"1":1,"2":1,"3":122,"4":122,"5":122,"6":122,"7":122,"8":122,"9":122,"10":151,"11":107,"12":151,"13":122,"14":108,"15":10,"16":108,"17":122,"18":109,"19":2,"20":109,"21":122,"22":104,"23":8,"24":104,"25":122,"26":104,"27":104,"28":104,"29":122,"30":114,"31":8,"32":2,"33":6,"34":108,"35":122,"36":2,"37":1,"38":27,"39":27,"40":106,"41":106,"42":106,"43":104,"44":520,"45":106},"b":{"1":[107,44],"2":[10,98],"3":[2,107],"4":[8,96],"5":[104,0],"6":[8,106],"7":[2,6],"8":[104,2]},"f":{"1":27,"2":122,"3":151,"4":108,"5":109,"6":104,"7":104,"8":114,"9":2,"10":1,"11":106,"12":520},"fnMap":{"1":{"name":"conceptProposalServiceField","line":2,"loc":{"start":{"line":2,"column":0},"end":{"line":2,"column":39}}},"2":{"name":"Field","line":3,"loc":{"start":{"line":3,"column":4},"end":{"line":3,"column":21}}},"3":{"name":"nameGetterSetter","line":10,"loc":{"start":{"line":10,"column":20},"end":{"line":10,"column":54}}},"4":{"name":"valueGetterSetter","line":16,"loc":{"start":{"line":16,"column":21},"end":{"line":16,"column":56}}},"5":{"name":"triggerUpdateGetterSetter","line":24,"loc":{"start":{"line":24,"column":29},"end":{"line":24,"column":72}}},"6":{"name":"visibleGetterSetter","line":30,"loc":{"start":{"line":30,"column":23},"end":{"line":30,"column":60}}},"7":{"name":"labelGetterSetter","line":36,"loc":{"start":{"line":36,"column":21},"end":{"line":36,"column":56}}},"8":{"name":"requiredGetterSetter","line":44,"loc":{"start":{"line":44,"column":24},"end":{"line":44,"column":62}}},"9":{"name":"messagesGetter","line":58,"loc":{"start":{"line":58,"column":24},"end":{"line":58,"column":50}}},"10":{"name":"validationGetter","line":60,"loc":{"start":{"line":60,"column":28},"end":{"line":60,"column":56}}},"11":{"name":"create","line":67,"loc":{"start":{"line":67,"column":18},"end":{"line":67,"column":49}}},"12":{"name":"forEach","line":77,"loc":{"start":{"line":77,"column":22},"end":{"line":77,"column":45}}}},"statementMap":{"1":{"start":{"line":1,"column":0},"end":{"line":83,"column":3}},"2":{"start":{"line":3,"column":4},"end":{"line":65,"column":5}},"3":{"start":{"line":4,"column":8},"end":{"line":4,"column":22}},"4":{"start":{"line":5,"column":8},"end":{"line":5,"column":29}},"5":{"start":{"line":6,"column":8},"end":{"line":6,"column":34}},"6":{"start":{"line":7,"column":8},"end":{"line":7,"column":28}},"7":{"start":{"line":8,"column":8},"end":{"line":8,"column":18}},"8":{"start":{"line":9,"column":8},"end":{"line":9,"column":18}},"9":{"start":{"line":10,"column":8},"end":{"line":15,"column":10}},"10":{"start":{"line":11,"column":12},"end":{"line":13,"column":13}},"11":{"start":{"line":12,"column":16},"end":{"line":12,"column":30}},"12":{"start":{"line":14,"column":12},"end":{"line":14,"column":24}},"13":{"start":{"line":16,"column":8},"end":{"line":23,"column":10}},"14":{"start":{"line":17,"column":12},"end":{"line":21,"column":13}},"15":{"start":{"line":20,"column":16},"end":{"line":20,"column":31}},"16":{"start":{"line":22,"column":12},"end":{"line":22,"column":25}},"17":{"start":{"line":24,"column":8},"end":{"line":29,"column":10}},"18":{"start":{"line":25,"column":12},"end":{"line":27,"column":13}},"19":{"start":{"line":26,"column":16},"end":{"line":26,"column":39}},"20":{"start":{"line":28,"column":12},"end":{"line":28,"column":33}},"21":{"start":{"line":30,"column":8},"end":{"line":35,"column":10}},"22":{"start":{"line":31,"column":12},"end":{"line":33,"column":13}},"23":{"start":{"line":32,"column":16},"end":{"line":32,"column":33}},"24":{"start":{"line":34,"column":12},"end":{"line":34,"column":27}},"25":{"start":{"line":36,"column":8},"end":{"line":41,"column":10}},"26":{"start":{"line":37,"column":12},"end":{"line":39,"column":13}},"27":{"start":{"line":38,"column":16},"end":{"line":38,"column":31}},"28":{"start":{"line":40,"column":12},"end":{"line":40,"column":25}},"29":{"start":{"line":44,"column":8},"end":{"line":57,"column":10}},"30":{"start":{"line":45,"column":12},"end":{"line":55,"column":13}},"31":{"start":{"line":46,"column":16},"end":{"line":54,"column":17}},"32":{"start":{"line":47,"column":20},"end":{"line":47,"column":38}},"33":{"start":{"line":49,"column":20},"end":{"line":53,"column":33}},"34":{"start":{"line":56,"column":12},"end":{"line":56,"column":28}},"35":{"start":{"line":58,"column":8},"end":{"line":64,"column":10}},"36":{"start":{"line":59,"column":12},"end":{"line":63,"column":14}},"37":{"start":{"line":61,"column":20},"end":{"line":61,"column":30}},"38":{"start":{"line":66,"column":4},"end":{"line":66,"column":23}},"39":{"start":{"line":67,"column":4},"end":{"line":82,"column":6}},"40":{"start":{"line":68,"column":8},"end":{"line":68,"column":30}},"41":{"start":{"line":69,"column":8},"end":{"line":69,"column":25}},"42":{"start":{"line":70,"column":8},"end":{"line":80,"column":9}},"43":{"start":{"line":71,"column":12},"end":{"line":79,"column":15}},"44":{"start":{"line":78,"column":16},"end":{"line":78,"column":43}},"45":{"start":{"line":81,"column":8},"end":{"line":81,"column":21}}},"branchMap":{"1":{"line":11,"type":"if","locations":[{"start":{"line":11,"column":12},"end":{"line":11,"column":12}},{"start":{"line":11,"column":12},"end":{"line":11,"column":12}}]},"2":{"line":17,"type":"if","locations":[{"start":{"line":17,"column":12},"end":{"line":17,"column":12}},{"start":{"line":17,"column":12},"end":{"line":17,"column":12}}]},"3":{"line":25,"type":"if","locations":[{"start":{"line":25,"column":12},"end":{"line":25,"column":12}},{"start":{"line":25,"column":12},"end":{"line":25,"column":12}}]},"4":{"line":31,"type":"if","locations":[{"start":{"line":31,"column":12},"end":{"line":31,"column":12}},{"start":{"line":31,"column":12},"end":{"line":31,"column":12}}]},"5":{"line":37,"type":"if","locations":[{"start":{"line":37,"column":12},"end":{"line":37,"column":12}},{"start":{"line":37,"column":12},"end":{"line":37,"column":12}}]},"6":{"line":45,"type":"if","locations":[{"start":{"line":45,"column":12},"end":{"line":45,"column":12}},{"start":{"line":45,"column":12},"end":{"line":45,"column":12}}]},"7":{"line":46,"type":"if","locations":[{"start":{"line":46,"column":16},"end":{"line":46,"column":16}},{"start":{"line":46,"column":16},"end":{"line":46,"column":16}}]},"8":{"line":70,"type":"if","locations":[{"start":{"line":70,"column":8},"end":{"line":70,"column":8}},{"start":{"line":70,"column":8},"end":{"line":70,"column":8}}]}}},"client/app/components/oauth2/config.js":{"path":"client/app/components/oauth2/config.js","s":{"1":1,"2":41,"3":41},"b":{},"f":{"1":41},"fnMap":{"1":{"name":"(anonymous_1)","line":1,"loc":{"start":{"line":1,"column":32},"end":{"line":1,"column":72}}}},"statementMap":{"1":{"start":{"line":1,"column":0},"end":{"line":13,"column":3}},"2":{"start":{"line":2,"column":4},"end":{"line":2,"column":57}},"3":{"start":{"line":4,"column":4},"end":{"line":12,"column":7}}},"branchMap":{}},"client/app/components/oauth2/factory/headers.js":{"path":"client/app/components/oauth2/factory/headers.js","s":{"1":1,"2":13,"3":1},"b":{},"f":{"1":13,"2":1},"fnMap":{"1":{"name":"(anonymous_1)","line":1,"loc":{"start":{"line":1,"column":57},"end":{"line":1,"column":87}}},"2":{"name":"(anonymous_2)","line":2,"loc":{"start":{"line":2,"column":11},"end":{"line":2,"column":23}}}},"statementMap":{"1":{"start":{"line":1,"column":0},"end":{"line":7,"column":3}},"2":{"start":{"line":2,"column":4},"end":{"line":6,"column":6}},"3":{"start":{"line":3,"column":8},"end":{"line":5,"column":10}}},"branchMap":{}},"client/app/components/oauth2/factory/token.js":{"path":"client/app/components/oauth2/factory/token.js","s":{"1":1,"2":13,"3":1},"b":{},"f":{"1":13,"2":1},"fnMap":{"1":{"name":"(anonymous_1)","line":1,"loc":{"start":{"line":1,"column":55},"end":{"line":1,"column":75}}},"2":{"name":"(anonymous_2)","line":2,"loc":{"start":{"line":2,"column":11},"end":{"line":2,"column":23}}}},"statementMap":{"1":{"start":{"line":1,"column":0},"end":{"line":5,"column":3}},"2":{"start":{"line":2,"column":4},"end":{"line":4,"column":6}},"3":{"start":{"line":3,"column":8},"end":{"line":3,"column":30}}},"branchMap":{}},"client/app/components/oauth2/service/401-redirect.js":{"path":"client/app/components/oauth2/service/401-redirect.js","s":{"1":1,"2":21,"3":21,"4":21,"5":2,"6":2,"7":2,"8":21,"9":8,"10":5,"11":8,"12":21,"13":1,"14":1,"15":1},"b":{"1":[2,0],"2":[5,3],"3":[1,0]},"f":{"1":21,"2":2,"3":8,"4":1},"fnMap":{"1":{"name":"(anonymous_1)","line":1,"loc":{"start":{"line":1,"column":54},"end":{"line":1,"column":75}}},"2":{"name":"runGo","line":4,"loc":{"start":{"line":4,"column":14},"end":{"line":4,"column":31}}},"3":{"name":"(anonymous_3)","line":10,"loc":{"start":{"line":10,"column":15},"end":{"line":10,"column":32}}},"4":{"name":"(anonymous_4)","line":16,"loc":{"start":{"line":16,"column":16},"end":{"line":16,"column":28}}}},"statementMap":{"1":{"start":{"line":1,"column":0},"end":{"line":22,"column":3}},"2":{"start":{"line":2,"column":4},"end":{"line":2,"column":12}},"3":{"start":{"line":3,"column":4},"end":{"line":3,"column":13}},"4":{"start":{"line":4,"column":4},"end":{"line":9,"column":6}},"5":{"start":{"line":5,"column":8},"end":{"line":8,"column":9}},"6":{"start":{"line":6,"column":12},"end":{"line":6,"column":36}},"7":{"start":{"line":7,"column":12},"end":{"line":7,"column":32}},"8":{"start":{"line":10,"column":4},"end":{"line":15,"column":6}},"9":{"start":{"line":11,"column":8},"end":{"line":13,"column":9}},"10":{"start":{"line":12,"column":12},"end":{"line":12,"column":24}},"11":{"start":{"line":14,"column":8},"end":{"line":14,"column":19}},"12":{"start":{"line":16,"column":4},"end":{"line":21,"column":6}},"13":{"start":{"line":17,"column":8},"end":{"line":19,"column":9}},"14":{"start":{"line":18,"column":12},"end":{"line":18,"column":33}},"15":{"start":{"line":20,"column":8},"end":{"line":20,"column":20}}},"branchMap":{"1":{"line":5,"type":"if","locations":[{"start":{"line":5,"column":8},"end":{"line":5,"column":8}},{"start":{"line":5,"column":8},"end":{"line":5,"column":8}}]},"2":{"line":11,"type":"if","locations":[{"start":{"line":11,"column":8},"end":{"line":11,"column":8}},{"start":{"line":11,"column":8},"end":{"line":11,"column":8}}]},"3":{"line":17,"type":"if","locations":[{"start":{"line":17,"column":8},"end":{"line":17,"column":8}},{"start":{"line":17,"column":8},"end":{"line":17,"column":8}}]}}},"client/app/components/oauth2/service/initialisation.js":{"path":"client/app/components/oauth2/service/initialisation.js","s":{"1":1,"2":0,"3":0},"b":{"1":[0,0]},"f":{"1":0,"2":0},"fnMap":{"1":{"name":"(anonymous_1)","line":3,"loc":{"start":{"line":3,"column":0},"end":{"line":3,"column":27}}},"2":{"name":"setToken","line":4,"loc":{"start":{"line":4,"column":17},"end":{"line":4,"column":42}}}},"statementMap":{"1":{"start":{"line":2,"column":0},"end":{"line":7,"column":3}},"2":{"start":{"line":4,"column":4},"end":{"line":6,"column":5}},"3":{"start":{"line":5,"column":8},"end":{"line":5,"column":82}}},"branchMap":{"1":{"line":5,"type":"binary-expr","locations":[{"start":{"line":5,"column":58},"end":{"line":5,"column":63}},{"start":{"line":5,"column":67},"end":{"line":5,"column":81}}]}}},"client/app/components/oauth2/service/interceptor.js":{"path":"client/app/components/oauth2/service/interceptor.js","s":{"1":1,"2":15,"3":2,"4":1,"5":2},"b":{"1":[1,1]},"f":{"1":15,"2":2},"fnMap":{"1":{"name":"oauth2Interceptor","line":3,"loc":{"start":{"line":3,"column":0},"end":{"line":3,"column":50}}},"2":{"name":"responseError","line":4,"loc":{"start":{"line":4,"column":25},"end":{"line":4,"column":58}}}},"statementMap":{"1":{"start":{"line":2,"column":0},"end":{"line":11,"column":3}},"2":{"start":{"line":4,"column":4},"end":{"line":10,"column":6}},"3":{"start":{"line":5,"column":8},"end":{"line":7,"column":9}},"4":{"start":{"line":6,"column":12},"end":{"line":6,"column":35}},"5":{"start":{"line":9,"column":8},"end":{"line":9,"column":35}}},"branchMap":{"1":{"line":5,"type":"if","locations":[{"start":{"line":5,"column":8},"end":{"line":5,"column":8}},{"start":{"line":5,"column":8},"end":{"line":5,"column":8}}]}}},"client/app/route.js":{"path":"client/app/route.js","s":{"1":1,"2":0},"b":{},"f":{"1":0},"fnMap":{"1":{"name":"config","line":2,"loc":{"start":{"line":2,"column":37},"end":{"line":2,"column":69}}}},"statementMap":{"1":{"start":{"line":2,"column":0},"end":{"line":71,"column":3}},"2":{"start":{"line":3,"column":4},"end":{"line":70,"column":11}}},"branchMap":{}},"client/app/shared/dropdown/directive.js":{"path":"client/app/shared/dropdown/directive.js","s":{"1":1,"2":1,"3":0,"4":0},"b":{"1":[0,0],"2":[0,0]},"f":{"1":1,"2":0},"fnMap":{"1":{"name":"(anonymous_1)","line":4,"loc":{"start":{"line":4,"column":61},"end":{"line":4,"column":94}}},"2":{"name":"(anonymous_2)","line":12,"loc":{"start":{"line":12,"column":20},"end":{"line":12,"column":32}}}},"statementMap":{"1":{"start":{"line":4,"column":0},"end":{"line":20,"column":3}},"2":{"start":{"line":5,"column":4},"end":{"line":19,"column":6}},"3":{"start":{"line":13,"column":12},"end":{"line":17,"column":13}},"4":{"start":{"line":14,"column":16},"end":{"line":16,"column":29}}},"branchMap":{"1":{"line":13,"type":"if","locations":[{"start":{"line":13,"column":12},"end":{"line":13,"column":12}},{"start":{"line":13,"column":12},"end":{"line":13,"column":12}}]},"2":{"line":13,"type":"binary-expr","locations":[{"start":{"line":13,"column":16},"end":{"line":13,"column":30}},{"start":{"line":13,"column":34},"end":{"line":13,"column":99}}]}}},"client/app/shared/dropdown/factory.js":{"path":"client/app/shared/dropdown/factory.js","s":{"1":1,"2":19,"3":1,"4":32,"5":32,"6":32,"7":32,"8":58,"9":55,"10":3,"11":52,"12":52,"13":66,"14":55,"15":32,"16":32,"17":4,"18":2,"19":4,"20":9,"21":32,"22":19,"23":15,"24":8,"25":7,"26":12,"27":19,"28":32,"29":32,"30":32,"31":18,"32":18,"33":16,"34":10,"35":13,"36":10,"37":3,"38":7,"39":14,"40":7,"41":6,"42":23},"b":{"1":[55,3],"2":[3,52],"3":[2,2],"4":[4,1],"5":[15,4],"6":[8,7],"7":[18,14],"8":[16,2],"9":[10,6],"10":[3,7],"11":[7,7]},"f":{"1":19,"2":32,"3":58,"4":66,"5":4,"6":9,"7":19,"8":32,"9":13,"10":14},"fnMap":{"1":{"name":"sharedDropdownFactory","line":1,"loc":{"start":{"line":1,"column":66},"end":{"line":1,"column":99}}},"2":{"name":"Dropdown","line":3,"loc":{"start":{"line":3,"column":4},"end":{"line":3,"column":24}}},"3":{"name":"getSetList","line":7,"loc":{"start":{"line":7,"column":20},"end":{"line":7,"column":45}}},"4":{"name":"forEachProperty","line":19,"loc":{"start":{"line":19,"column":37},"end":{"line":19,"column":76}}},"5":{"name":"select","line":31,"loc":{"start":{"line":31,"column":22},"end":{"line":31,"column":45}}},"6":{"name":"filter","line":35,"loc":{"start":{"line":35,"column":31},"end":{"line":35,"column":53}}},"7":{"name":"getSetPlaceholder","line":41,"loc":{"start":{"line":41,"column":27},"end":{"line":41,"column":61}}},"8":{"name":"factory","line":56,"loc":{"start":{"line":56,"column":11},"end":{"line":56,"column":44}}},"9":{"name":"filter","line":63,"loc":{"start":{"line":63,"column":68},"end":{"line":63,"column":89}}},"10":{"name":"forEach","line":72,"loc":{"start":{"line":72,"column":41},"end":{"line":72,"column":64}}}},"statementMap":{"1":{"start":{"line":1,"column":0},"end":{"line":88,"column":3}},"2":{"start":{"line":2,"column":4},"end":{"line":2,"column":49}},"3":{"start":{"line":3,"column":4},"end":{"line":55,"column":5}},"4":{"start":{"line":4,"column":8},"end":{"line":4,"column":17}},"5":{"start":{"line":5,"column":8},"end":{"line":5,"column":21}},"6":{"start":{"line":6,"column":8},"end":{"line":6,"column":45}},"7":{"start":{"line":7,"column":8},"end":{"line":27,"column":10}},"8":{"start":{"line":9,"column":12},"end":{"line":25,"column":13}},"9":{"start":{"line":10,"column":16},"end":{"line":16,"column":17}},"10":{"start":{"line":11,"column":20},"end":{"line":15,"column":33}},"11":{"start":{"line":18,"column":16},"end":{"line":18,"column":26}},"12":{"start":{"line":19,"column":16},"end":{"line":24,"column":19}},"13":{"start":{"line":20,"column":20},"end":{"line":23,"column":23}},"14":{"start":{"line":26,"column":12},"end":{"line":26,"column":24}},"15":{"start":{"line":30,"column":8},"end":{"line":30,"column":22}},"16":{"start":{"line":31,"column":8},"end":{"line":38,"column":10}},"17":{"start":{"line":32,"column":12},"end":{"line":34,"column":13}},"18":{"start":{"line":33,"column":16},"end":{"line":33,"column":33}},"19":{"start":{"line":35,"column":12},"end":{"line":37,"column":24}},"20":{"start":{"line":36,"column":16},"end":{"line":36,"column":47}},"21":{"start":{"line":41,"column":8},"end":{"line":54,"column":10}},"22":{"start":{"line":42,"column":12},"end":{"line":52,"column":13}},"23":{"start":{"line":43,"column":16},"end":{"line":51,"column":17}},"24":{"start":{"line":44,"column":20},"end":{"line":44,"column":40}},"25":{"start":{"line":46,"column":20},"end":{"line":50,"column":33}},"26":{"start":{"line":53,"column":12},"end":{"line":53,"column":31}},"27":{"start":{"line":56,"column":4},"end":{"line":87,"column":6}},"28":{"start":{"line":57,"column":8},"end":{"line":57,"column":36}},"29":{"start":{"line":58,"column":8},"end":{"line":58,"column":30}},"30":{"start":{"line":59,"column":8},"end":{"line":85,"column":9}},"31":{"start":{"line":60,"column":12},"end":{"line":60,"column":33}},"32":{"start":{"line":61,"column":12},"end":{"line":84,"column":13}},"33":{"start":{"line":62,"column":16},"end":{"line":83,"column":17}},"34":{"start":{"line":63,"column":20},"end":{"line":65,"column":23}},"35":{"start":{"line":64,"column":24},"end":{"line":64,"column":64}},"36":{"start":{"line":66,"column":20},"end":{"line":71,"column":21}},"37":{"start":{"line":67,"column":24},"end":{"line":70,"column":37}},"38":{"start":{"line":72,"column":20},"end":{"line":76,"column":23}},"39":{"start":{"line":73,"column":24},"end":{"line":75,"column":25}},"40":{"start":{"line":74,"column":28},"end":{"line":74,"column":58}},"41":{"start":{"line":78,"column":20},"end":{"line":82,"column":33}},"42":{"start":{"line":86,"column":8},"end":{"line":86,"column":24}}},"branchMap":{"1":{"line":9,"type":"if","locations":[{"start":{"line":9,"column":12},"end":{"line":9,"column":12}},{"start":{"line":9,"column":12},"end":{"line":9,"column":12}}]},"2":{"line":10,"type":"if","locations":[{"start":{"line":10,"column":16},"end":{"line":10,"column":16}},{"start":{"line":10,"column":16},"end":{"line":10,"column":16}}]},"3":{"line":32,"type":"if","locations":[{"start":{"line":32,"column":12},"end":{"line":32,"column":12}},{"start":{"line":32,"column":12},"end":{"line":32,"column":12}}]},"4":{"line":35,"type":"binary-expr","locations":[{"start":{"line":35,"column":19},"end":{"line":37,"column":17}},{"start":{"line":37,"column":21},"end":{"line":37,"column":23}}]},"5":{"line":42,"type":"if","locations":[{"start":{"line":42,"column":12},"end":{"line":42,"column":12}},{"start":{"line":42,"column":12},"end":{"line":42,"column":12}}]},"6":{"line":43,"type":"if","locations":[{"start":{"line":43,"column":16},"end":{"line":43,"column":16}},{"start":{"line":43,"column":16},"end":{"line":43,"column":16}}]},"7":{"line":59,"type":"if","locations":[{"start":{"line":59,"column":8},"end":{"line":59,"column":8}},{"start":{"line":59,"column":8},"end":{"line":59,"column":8}}]},"8":{"line":61,"type":"if","locations":[{"start":{"line":61,"column":12},"end":{"line":61,"column":12}},{"start":{"line":61,"column":12},"end":{"line":61,"column":12}}]},"9":{"line":62,"type":"if","locations":[{"start":{"line":62,"column":16},"end":{"line":62,"column":16}},{"start":{"line":62,"column":16},"end":{"line":62,"column":16}}]},"10":{"line":66,"type":"if","locations":[{"start":{"line":66,"column":20},"end":{"line":66,"column":20}},{"start":{"line":66,"column":20},"end":{"line":66,"column":20}}]},"11":{"line":73,"type":"if","locations":[{"start":{"line":73,"column":24},"end":{"line":73,"column":24}},{"start":{"line":73,"column":24},"end":{"line":73,"column":24}}]}}},"client/app/shared/textfield/controller.js":{"path":"client/app/shared/textfield/controller.js","s":{"1":1,"2":0,"3":0,"4":0,"5":0},"b":{},"f":{"1":0,"2":0,"3":0},"fnMap":{"1":{"name":"(anonymous_1)","line":3,"loc":{"start":{"line":3,"column":66},"end":{"line":3,"column":84}}},"2":{"name":"(anonymous_2)","line":5,"loc":{"start":{"line":5,"column":24},"end":{"line":5,"column":36}}},"3":{"name":"(anonymous_3)","line":6,"loc":{"start":{"line":6,"column":22},"end":{"line":6,"column":34}}}},"statementMap":{"1":{"start":{"line":3,"column":0},"end":{"line":10,"column":3}},"2":{"start":{"line":4,"column":4},"end":{"line":4,"column":33}},"3":{"start":{"line":5,"column":4},"end":{"line":9,"column":6}},"4":{"start":{"line":6,"column":8},"end":{"line":8,"column":11}},"5":{"start":{"line":7,"column":12},"end":{"line":7,"column":40}}},"branchMap":{}},"client/app/shared/textfield/directive.js":{"path":"client/app/shared/textfield/directive.js","s":{"1":1,"2":0,"3":0,"4":0,"5":0,"6":0},"b":{"1":[0,0],"2":[0,0]},"f":{"1":0,"2":0,"3":0},"fnMap":{"1":{"name":"(anonymous_1)","line":2,"loc":{"start":{"line":2,"column":32},"end":{"line":2,"column":44}}},"2":{"name":"(anonymous_2)","line":5,"loc":{"start":{"line":5,"column":14},"end":{"line":5,"column":47}}},"3":{"name":"(anonymous_3)","line":6,"loc":{"start":{"line":6,"column":45},"end":{"line":6,"column":62}}}},"statementMap":{"1":{"start":{"line":1,"column":0},"end":{"line":14,"column":3}},"2":{"start":{"line":3,"column":4},"end":{"line":13,"column":6}},"3":{"start":{"line":6,"column":12},"end":{"line":11,"column":15}},"4":{"start":{"line":7,"column":16},"end":{"line":10,"column":17}},"5":{"start":{"line":8,"column":20},"end":{"line":8,"column":52}},"6":{"start":{"line":9,"column":20},"end":{"line":9,"column":43}}},"branchMap":{"1":{"line":7,"type":"if","locations":[{"start":{"line":7,"column":16},"end":{"line":7,"column":16}},{"start":{"line":7,"column":16},"end":{"line":7,"column":16}}]},"2":{"line":7,"type":"binary-expr","locations":[{"start":{"line":7,"column":20},"end":{"line":7,"column":38}},{"start":{"line":7,"column":42},"end":{"line":7,"column":62}}]}}}}